<?xml version="1.0" encoding="UTF-8"?>
<!-- Generated by org.testng.reporters.JUnitReportReporter -->
<testsuite hostname="Muthukumar" failures="0" tests="1" name="com.crossBrowser.CrossBrowser" time="1.980" errors="0" timestamp="2023-11-23T11:05:25 IST" skipped="0">
  <testcase classname="com.crossBrowser.CrossBrowser" name="searchData" time="1.980"/>
  <system-out/>
</testsuite> <!-- com.crossBrowser.CrossBrowser -->
