<?xml version="1.0" encoding="UTF-8"?>
<!-- Generated by org.testng.reporters.JUnitReportReporter -->
<testsuite hostname="Muthukumar" failures="0" tests="3" name="com.crossBrowser.CrossBrowser" time="17.325" errors="0" timestamp="2023-11-21T16:32:03 IST" skipped="0">
  <testcase classname="com.crossBrowser.CrossBrowser" name="openBrowser" time="5.522"/>
  <system-out/>
  <testcase classname="com.crossBrowser.CrossBrowser" name="searchData" time="6.710"/>
  <system-out/>
  <testcase classname="com.crossBrowser.CrossBrowser" name="verifyTitle" time="5.093"/>
  <system-out/>
</testsuite> <!-- com.crossBrowser.CrossBrowser -->
